Using pre-set license

 COMMAND LINE ARGUMENTS:
/Applications/Unity/Hub/Editor/2020.3.15f2/Unity.app/Contents/MacOS/Unity
-adb2
-batchMode
-noUpm
-name
AssetImportWorker0
-projectPath
/Users/sudikofflabimac/Desktop/Macharia_Unity_Basics
-logFile
Logs/AssetImportWorker0.log
-srvPort
51648
Successfully changed project path to: /Users/sudikofflabimac/Desktop/Macharia_Unity_Basics
/Users/sudikofflabimac/Desktop/Macharia_Unity_Basics
Using Asset Import Pipeline V2.
Refreshing native plugins compatible for Editor in 66.26 ms, found 2 plugins.
Preloading 0 native plugins for Editor in 0.00 ms.
Initialize engine version: 2020.3.15f2 (6cf78cb77498)
[Subsystems] Discovering subsystems at path /Applications/Unity/Hub/Editor/2020.3.15f2/Unity.app/Contents/Resources/UnitySubsystems
[Subsystems] Discovering subsystems at path /Users/sudikofflabimac/Desktop/Macharia_Unity_Basics/Assets
GfxDevice: creating device client; threaded=0
2022-01-10 12:47:49.507 Unity[2871:45995] iMac preferred device: AMD Radeon R9 M380 (high power)
2022-01-10 12:47:49.507 Unity[2871:45995] Metal devices available: 1
2022-01-10 12:47:49.507 Unity[2871:45995] 0: AMD Radeon R9 M380 (high power)
2022-01-10 12:47:49.508 Unity[2871:45995] Using device AMD Radeon R9 M380 (high power)
Initializing Metal device caps: AMD Radeon R9 M380
Initialize mono
Mono path[0] = '/Applications/Unity/Hub/Editor/2020.3.15f2/Unity.app/Contents/Managed'
Mono path[1] = '/Applications/Unity/Hub/Editor/2020.3.15f2/Unity.app/Contents/MonoBleedingEdge/lib/mono/unityjit'
Mono config path = '/Applications/Unity/Hub/Editor/2020.3.15f2/Unity.app/Contents/MonoBleedingEdge/etc'
Using monoOptions --debugger-agent=transport=dt_socket,embedding=1,server=y,suspend=n,address=127.0.0.1:56871
Begin MonoManager ReloadAssembly
Registering precompiled unity dll's ...
Register platform support module: /Applications/Unity/Hub/Editor/2020.3.15f2/Unity.app/Contents/PlaybackEngines/MacStandaloneSupport/UnityEditor.OSXStandalone.Extensions.dll
Registered in 0.000907 seconds.
Native extension for OSXStandalone target not found
Refreshing native plugins compatible for Editor in 59.81 ms, found 2 plugins.
Preloading 0 native plugins for Editor in 0.00 ms.
Mono: successfully reloaded assembly
- Completed reload, in  3.165 seconds
Domain Reload Profiling:
	ReloadAssembly (3166ms)
		BeginReloadAssembly (63ms)
			ExecutionOrderSort (0ms)
			DisableScriptedObjects (0ms)
			BackupInstance (0ms)
			ReleaseScriptingObjects (0ms)
			CreateAndSetChildDomain (1ms)
		EndReloadAssembly (561ms)
			LoadAssemblies (63ms)
			RebuildTransferFunctionScriptingTraits (0ms)
			SetupTypeCache (219ms)
			ReleaseScriptCaches (0ms)
			RebuildScriptCaches (47ms)
			SetupLoadedEditorAssemblies (234ms)
				LogAssemblyErrors (0ms)
				InitializePlatformSupportModulesInManaged (5ms)
				SetLoadedEditorAssemblies (0ms)
				RefreshPlugins (60ms)
				BeforeProcessingInitializeOnLoad (8ms)
				ProcessInitializeOnLoadAttributes (124ms)
				ProcessInitializeOnLoadMethodAttributes (37ms)
				AfterProcessingInitializeOnLoad (0ms)
				EditorAssembliesLoaded (0ms)
			ExecutionOrderSort2 (0ms)
			AwakeInstancesAfterBackupRestoration (0ms)
Platform modules already initialized, skipping
Registering precompiled user dll's ...
Registered in 0.004477 seconds.
Begin MonoManager ReloadAssembly
Native extension for OSXStandalone target not found
Refreshing native plugins compatible for Editor in 69.66 ms, found 2 plugins.
Preloading 0 native plugins for Editor in 0.00 ms.
Mono: successfully reloaded assembly
- Completed reload, in  1.665 seconds
Domain Reload Profiling:
	ReloadAssembly (1666ms)
		BeginReloadAssembly (226ms)
			ExecutionOrderSort (0ms)
			DisableScriptedObjects (7ms)
			BackupInstance (0ms)
			ReleaseScriptingObjects (0ms)
			CreateAndSetChildDomain (40ms)
		EndReloadAssembly (1352ms)
			LoadAssemblies (122ms)
			RebuildTransferFunctionScriptingTraits (0ms)
			SetupTypeCache (466ms)
			ReleaseScriptCaches (1ms)
			RebuildScriptCaches (73ms)
			SetupLoadedEditorAssemblies (546ms)
				LogAssemblyErrors (0ms)
				InitializePlatformSupportModulesInManaged (5ms)
				SetLoadedEditorAssemblies (0ms)
				RefreshPlugins (70ms)
				BeforeProcessingInitializeOnLoad (87ms)
				ProcessInitializeOnLoadAttributes (377ms)
				ProcessInitializeOnLoadMethodAttributes (5ms)
				AfterProcessingInitializeOnLoad (2ms)
				EditorAssembliesLoaded (0ms)
			ExecutionOrderSort2 (0ms)
			AwakeInstancesAfterBackupRestoration (9ms)
Platform modules already initialized, skipping
========================================================================
Worker process is ready to serve import requests
Shader 'Universal Render Pipeline/Particles/Lit': fallback shader 'Universal Render Pipeline/Particles/SimpleLit' not found
Shader 'Universal Render Pipeline/Particles/Lit': fallback shader 'Universal Render Pipeline/Particles/SimpleLit' not found
Launching external process: /Applications/Unity/Hub/Editor/2020.3.15f2/Unity.app/Contents/Tools/UnityShaderCompiler
Launched and connected shader compiler UnityShaderCompiler after 0.01 seconds
Refreshing native plugins compatible for Editor in 0.63 ms, found 2 plugins.
Preloading 0 native plugins for Editor in 0.00 ms.
Unloading 2848 Unused Serialized files (Serialized files now loaded: 0)
System memory in use before: 233.9 MB.
System memory in use after: 230.9 MB.

Unloading 55 unused Assets to reduce memory usage. Loaded Objects now: 3255.
Total: 4.226612 ms (FindLiveObjects: 0.287517 ms CreateObjectMapping: 0.120453 ms MarkObjects: 2.022013 ms  DeleteObjects: 1.795852 ms)

AssetImportParameters requested are different than current active one (requested -> active):
  custom:video-decoder-ogg-theora: a1e56fd34408186e4bbccfd4996cb3dc -> 
  custom:container-muxer-webm: aa71ff27fc2769a1b78a27578f13a17b -> 
  custom:container-demuxer-webm: 4f35f7cbe854078d1ac9338744f61a02 -> 
  custom:container-demuxer-ogg: 62fdf1f143b41e24485cea50d1cbac27 -> 
  custom:video-encoder-webm-vp8: eb34c28f22e8b96e1ab97ce403110664 -> 
  custom:framework-osx-AVFoundation: b23960f63f64bdc6ff669e2cdcee2391 -> 
  custom:video-decoder-webm-vp8: 9c59270c3fd7afecdb556c50c9e8de78 -> 
  custom:audio-decoder-ogg-vorbis: bf7c407c2cedff20999df2af8eb42d56 -> 
  custom:audio-encoder-webm-vorbis: bf7c407c2cedff20999df2af8eb42d56 -> 
========================================================================
Received Import Request.
  path: Assets/Materials/object_mat.mat
  artifactKey: Guid(f3d75d9c4069149d386ff3e375e2e98a) Importer(815301076,1909f56bfc062723c751e8b465ee728b)
Start importing Assets/Materials/object_mat.mat using Guid(f3d75d9c4069149d386ff3e375e2e98a) Importer(815301076,1909f56bfc062723c751e8b465ee728b)  -> (artifact id: '215a69296fb416ea82eedde8b197f346') in 0.442729 seconds 
  Import took 0.447352 seconds .

========================================================================
Received Prepare
Shader 'Universal Render Pipeline/Particles/Lit': fallback shader 'Universal Render Pipeline/Particles/SimpleLit' not found
Shader 'Universal Render Pipeline/Particles/Lit': fallback shader 'Universal Render Pipeline/Particles/SimpleLit' not found
Refreshing native plugins compatible for Editor in 3.16 ms, found 2 plugins.
Preloading 0 native plugins for Editor in 0.00 ms.
Unloading 48 Unused Serialized files (Serialized files now loaded: 0)
System memory in use before: 186.5 MB.
System memory in use after: 183.6 MB.

Unloading 48 unused Assets to reduce memory usage. Loaded Objects now: 3360.
Total: 5.481799 ms (FindLiveObjects: 0.356195 ms CreateObjectMapping: 0.140146 ms MarkObjects: 2.865442 ms  DeleteObjects: 2.119190 ms)

AssetImportParameters requested are different than current active one (requested -> active):
  custom:video-decoder-ogg-theora: a1e56fd34408186e4bbccfd4996cb3dc -> 
  custom:container-muxer-webm: aa71ff27fc2769a1b78a27578f13a17b -> 
  custom:container-demuxer-webm: 4f35f7cbe854078d1ac9338744f61a02 -> 
  custom:container-demuxer-ogg: 62fdf1f143b41e24485cea50d1cbac27 -> 
  custom:video-encoder-webm-vp8: eb34c28f22e8b96e1ab97ce403110664 -> 
  custom:framework-osx-AVFoundation: b23960f63f64bdc6ff669e2cdcee2391 -> 
  custom:video-decoder-webm-vp8: 9c59270c3fd7afecdb556c50c9e8de78 -> 
  custom:audio-decoder-ogg-vorbis: bf7c407c2cedff20999df2af8eb42d56 -> 
  custom:audio-encoder-webm-vorbis: bf7c407c2cedff20999df2af8eb42d56 -> 
========================================================================
Received Import Request.
  Time since last request: 150.134714 seconds.
  path: Assets/Images/HdrSkySunset002_HDR_3K.exr
  artifactKey: Guid(7bdcfa7f8622a4ea3aa8c96b087b172f) Importer(815301076,1909f56bfc062723c751e8b465ee728b)
Start importing Assets/Images/HdrSkySunset002_HDR_3K.exr using Guid(7bdcfa7f8622a4ea3aa8c96b087b172f) Importer(815301076,1909f56bfc062723c751e8b465ee728b)  -> (artifact id: '7a888b9a9355e61fee074964b529f3ac') in 0.362133 seconds 
  Import took 0.368196 seconds .

========================================================================
Received Import Request.
  Time since last request: 0.000490 seconds.
  path: Assets/Images/horizonPhotoHills.png
  artifactKey: Guid(1c2b9eedf32d4432c929c2073631032a) Importer(815301076,1909f56bfc062723c751e8b465ee728b)
Start importing Assets/Images/horizonPhotoHills.png using Guid(1c2b9eedf32d4432c929c2073631032a) Importer(815301076,1909f56bfc062723c751e8b465ee728b)  -> (artifact id: 'e5e1d46d5cdee4cf3ba52f496ff8a91b') in 0.263714 seconds 
  Import took 0.268183 seconds .

========================================================================
Received Import Request.
  Time since last request: 42.825173 seconds.
  path: Assets/Images/HdrSkySunset002_HDR_3K.exr
  artifactKey: Guid(7bdcfa7f8622a4ea3aa8c96b087b172f) Importer(815301076,1909f56bfc062723c751e8b465ee728b)
Start importing Assets/Images/HdrSkySunset002_HDR_3K.exr using Guid(7bdcfa7f8622a4ea3aa8c96b087b172f) Importer(815301076,1909f56bfc062723c751e8b465ee728b)  -> (artifact id: '3c268b58dfd4fa8009b672c8b4bded56') in 0.077359 seconds 
  Import took 0.086560 seconds .

========================================================================
Received Import Request.
  Time since last request: 320.408136 seconds.
  path: Assets/Prefabs/horizon.fbx
  artifactKey: Guid(dc5ee7b7e090a4770a4cb6402d948abd) Importer(815301076,1909f56bfc062723c751e8b465ee728b)
Start importing Assets/Prefabs/horizon.fbx using Guid(dc5ee7b7e090a4770a4cb6402d948abd) Importer(815301076,1909f56bfc062723c751e8b465ee728b)  -> (artifact id: '2dcbc5c2b34f07432c01146eeeac9494') in 0.191711 seconds 
  Import took 0.198611 seconds .

========================================================================
Received Import Request.
  Time since last request: 0.000279 seconds.
  path: Assets/Prefabs/MazeButton.prefab
  artifactKey: Guid(80c4f3e432b90468cac39d763f7fe444) Importer(815301076,1909f56bfc062723c751e8b465ee728b)
Start importing Assets/Prefabs/MazeButton.prefab using Guid(80c4f3e432b90468cac39d763f7fe444) Importer(815301076,1909f56bfc062723c751e8b465ee728b)  -> (artifact id: '55546f4e56f28f9fdbb990af69d1ac44') in 0.179504 seconds 
  Import took 0.184624 seconds .

========================================================================
Received Import Request.
  Time since last request: 91.376623 seconds.
  path: Assets/Materials/Horizon_mat.mat
  artifactKey: Guid(14c65a96576c5497985090e674c256ab) Importer(815301076,1909f56bfc062723c751e8b465ee728b)
Start importing Assets/Materials/Horizon_mat.mat using Guid(14c65a96576c5497985090e674c256ab) Importer(815301076,1909f56bfc062723c751e8b465ee728b)  -> (artifact id: 'e21444a902b73184a5f96c6b4e14b611') in 0.014810 seconds 
  Import took 0.021315 seconds .

========================================================================
Received Import Request.
  Time since last request: 0.000293 seconds.
  path: Assets/Materials/Skybox_Mat.mat
  artifactKey: Guid(0ffaa0b7117ba8c47a9d05ae701d4b4d) Importer(815301076,1909f56bfc062723c751e8b465ee728b)
Start importing Assets/Materials/Skybox_Mat.mat using Guid(0ffaa0b7117ba8c47a9d05ae701d4b4d) Importer(815301076,1909f56bfc062723c751e8b465ee728b)  -> (artifact id: 'c81adaa9fb74339cde3880610417b3dd') in 0.109743 seconds 
  Import took 0.117821 seconds .

========================================================================
Received Import Request.
  Time since last request: 98.006554 seconds.
  path: Assets/Images/horizonPhotoHills.png
  artifactKey: Guid(1c2b9eedf32d4432c929c2073631032a) Importer(815301076,1909f56bfc062723c751e8b465ee728b)
Start importing Assets/Images/horizonPhotoHills.png using Guid(1c2b9eedf32d4432c929c2073631032a) Importer(815301076,1909f56bfc062723c751e8b465ee728b)  -> (artifact id: 'ae78d341277422f8f3ce5739426f71e6') in 0.033602 seconds 
  Import took 0.039493 seconds .

========================================================================
Received Import Request.
  Time since last request: 264.998564 seconds.
  path: Assets/Images/horizonPhotoHills.png
  artifactKey: Guid(1c2b9eedf32d4432c929c2073631032a) Importer(815301076,1909f56bfc062723c751e8b465ee728b)
Start importing Assets/Images/horizonPhotoHills.png using Guid(1c2b9eedf32d4432c929c2073631032a) Importer(815301076,1909f56bfc062723c751e8b465ee728b)  -> (artifact id: '4f001e0b006a0aa8bdc1033fa821b933') in 0.340736 seconds 
  Import took 0.346357 seconds .

========================================================================
Received Import Request.
  Time since last request: 11.407639 seconds.
  path: Assets/Images/horizonPhotoHills.png
  artifactKey: Guid(1c2b9eedf32d4432c929c2073631032a) Importer(815301076,1909f56bfc062723c751e8b465ee728b)
Start importing Assets/Images/horizonPhotoHills.png using Guid(1c2b9eedf32d4432c929c2073631032a) Importer(815301076,1909f56bfc062723c751e8b465ee728b)  -> (artifact id: 'ec65c5c803d1ee6c8c0409eed6d84262') in 0.015571 seconds 
  Import took 0.024179 seconds .

========================================================================
Received Import Request.
  Time since last request: 0.001032 seconds.
  path: Assets/Images/horizonPhotoHills.png
  artifactKey: Guid(1c2b9eedf32d4432c929c2073631032a) Importer(815301076,1909f56bfc062723c751e8b465ee728b)
Start importing Assets/Images/horizonPhotoHills.png using Guid(1c2b9eedf32d4432c929c2073631032a) Importer(815301076,1909f56bfc062723c751e8b465ee728b)  -> (artifact id: 'ec65c5c803d1ee6c8c0409eed6d84262') in 0.019178 seconds 
  Import took 0.024336 seconds .

========================================================================
Received Import Request.
  Time since last request: 13.102419 seconds.
  path: Assets/Images/horizonPhotoHills.png
  artifactKey: Guid(1c2b9eedf32d4432c929c2073631032a) Importer(815301076,1909f56bfc062723c751e8b465ee728b)
Start importing Assets/Images/horizonPhotoHills.png using Guid(1c2b9eedf32d4432c929c2073631032a) Importer(815301076,1909f56bfc062723c751e8b465ee728b)  -> (artifact id: 'a2e738b4a038f45f73d07c3b3bafc72f') in 0.028791 seconds 
  Import took 0.034414 seconds .

========================================================================
Received Import Request.
  Time since last request: 7.535687 seconds.
  path: Assets/Images/horizonPhotoHills.png
  artifactKey: Guid(1c2b9eedf32d4432c929c2073631032a) Importer(815301076,1909f56bfc062723c751e8b465ee728b)
Start importing Assets/Images/horizonPhotoHills.png using Guid(1c2b9eedf32d4432c929c2073631032a) Importer(815301076,1909f56bfc062723c751e8b465ee728b)  -> (artifact id: '220437fd358e7fe40da998a2bb94585e') in 0.029810 seconds 
  Import took 0.035235 seconds .

========================================================================
Received Import Request.
  Time since last request: 297.452249 seconds.
  path: Assets/Textures/Maze
  artifactKey: Guid(ee05673c4eb6c405888cb1c9d70db004) Importer(815301076,1909f56bfc062723c751e8b465ee728b)
Start importing Assets/Textures/Maze using Guid(ee05673c4eb6c405888cb1c9d70db004) Importer(815301076,1909f56bfc062723c751e8b465ee728b)  -> (artifact id: '943a6056f6a111a37d6fd2e857d839f5') in 0.001872 seconds 
  Import took 0.007284 seconds .

========================================================================
Received Import Request.
  Time since last request: 0.294351 seconds.
  path: Assets/Textures/Maze/rope_Base_Color.jpeg
  artifactKey: Guid(634abc57cb03342c08de17d312705bc3) Importer(815301076,1909f56bfc062723c751e8b465ee728b)
Start importing Assets/Textures/Maze/rope_Base_Color.jpeg using Guid(634abc57cb03342c08de17d312705bc3) Importer(815301076,1909f56bfc062723c751e8b465ee728b)  -> (artifact id: 'a1a6f6402aea101cac14f8e655d32757') in 0.326611 seconds 
  Import took 0.332826 seconds .

========================================================================
Received Import Request.
  Time since last request: 0.000377 seconds.
  path: Assets/Textures/Maze/td_egypt_dif_symbol_door.png
  artifactKey: Guid(48c9283906c82194599a554f9df6dc93) Importer(815301076,1909f56bfc062723c751e8b465ee728b)
Start importing Assets/Textures/Maze/td_egypt_dif_symbol_door.png using Guid(48c9283906c82194599a554f9df6dc93) Importer(815301076,1909f56bfc062723c751e8b465ee728b)  -> (artifact id: '01787b2d24326c77632cf4b290ebbcac') in 0.014570 seconds 
  Import took 0.020323 seconds .

========================================================================
Received Import Request.
  Time since last request: 0.000353 seconds.
  path: Assets/Textures/Maze/rope_Roughness.jpeg
  artifactKey: Guid(b7cc82aabce09496e8e79dc8b1b69eaa) Importer(815301076,1909f56bfc062723c751e8b465ee728b)
Start importing Assets/Textures/Maze/rope_Roughness.jpeg using Guid(b7cc82aabce09496e8e79dc8b1b69eaa) Importer(815301076,1909f56bfc062723c751e8b465ee728b)  -> (artifact id: '1b792acaccc1444068935a1b4316aa56') in 0.019111 seconds 
  Import took 0.024892 seconds .

========================================================================
Received Import Request.
  Time since last request: 0.000382 seconds.
  path: Assets/Textures/Maze/td_egypt_dif_01.png
  artifactKey: Guid(d8f1232053b27a742aedd3fb8baa1546) Importer(815301076,1909f56bfc062723c751e8b465ee728b)
Start importing Assets/Textures/Maze/td_egypt_dif_01.png using Guid(d8f1232053b27a742aedd3fb8baa1546) Importer(815301076,1909f56bfc062723c751e8b465ee728b)  -> (artifact id: 'd178d10dba0e0cd201ea7c252767a29f') in 0.011663 seconds 
  Import took 0.017457 seconds .

========================================================================
Received Import Request.
  Time since last request: 0.000344 seconds.
  path: Assets/Textures/Maze/rope_Normal_OpenGL.jpeg
  artifactKey: Guid(2d469f468ac764e4d85000c96fde0539) Importer(815301076,1909f56bfc062723c751e8b465ee728b)
Start importing Assets/Textures/Maze/rope_Normal_OpenGL.jpeg using Guid(2d469f468ac764e4d85000c96fde0539) Importer(815301076,1909f56bfc062723c751e8b465ee728b)  -> (artifact id: '01cd7d075b1aed51cad7a18368a920dc') in 0.024018 seconds 
  Import took 0.030496 seconds .

========================================================================
Received Import Request.
  Time since last request: 0.000266 seconds.
  path: Assets/Textures/Maze/td_e_floor_dif_01.png
  artifactKey: Guid(2af39e8de8161b347a8ebe6da7c76f7f) Importer(815301076,1909f56bfc062723c751e8b465ee728b)
Start importing Assets/Textures/Maze/td_e_floor_dif_01.png using Guid(2af39e8de8161b347a8ebe6da7c76f7f) Importer(815301076,1909f56bfc062723c751e8b465ee728b)  -> (artifact id: '4f673fa11d3c199c2205075e1dec41c8') in 0.018887 seconds 
  Import took 0.024977 seconds .

========================================================================
Received Import Request.
  Time since last request: 675.332768 seconds.
  path: Assets/Standard Assets/Environment
  artifactKey: Guid(6ca8c4e270f964e0da9f731d7d34b123) Importer(815301076,1909f56bfc062723c751e8b465ee728b)
Start importing Assets/Standard Assets/Environment using Guid(6ca8c4e270f964e0da9f731d7d34b123) Importer(815301076,1909f56bfc062723c751e8b465ee728b)  -> (artifact id: '44de2c96d9c77c136061e3dedd61c662') in 0.001891 seconds 
  Import took 0.007234 seconds .

========================================================================
Received Import Request.
  Time since last request: 1.859565 seconds.
  path: Assets/Standard Assets/Environment/TerrainAssets
  artifactKey: Guid(7e6f84bf81c8d4de280f1133cff7e601) Importer(815301076,1909f56bfc062723c751e8b465ee728b)
Start importing Assets/Standard Assets/Environment/TerrainAssets using Guid(7e6f84bf81c8d4de280f1133cff7e601) Importer(815301076,1909f56bfc062723c751e8b465ee728b)  -> (artifact id: 'cec3746ee4f533211ea6f80b35f70c09') in 0.001919 seconds 
  Import took 0.007344 seconds .

========================================================================
Received Import Request.
  Time since last request: 0.000351 seconds.
  path: Assets/Standard Assets/Environment/TerrainAssets
  artifactKey: Guid(7e6f84bf81c8d4de280f1133cff7e601) Importer(815301076,1909f56bfc062723c751e8b465ee728b)
Start importing Assets/Standard Assets/Environment/TerrainAssets using Guid(7e6f84bf81c8d4de280f1133cff7e601) Importer(815301076,1909f56bfc062723c751e8b465ee728b)  -> (artifact id: 'cec3746ee4f533211ea6f80b35f70c09') in 0.001257 seconds 
  Import took 0.007009 seconds .

========================================================================
Received Import Request.
  Time since last request: 2.713810 seconds.
  path: Assets/Standard Assets/Environment/TerrainAssets/SurfaceTextures
  artifactKey: Guid(4f9d71771b07cb6438e0d35b038b43a7) Importer(815301076,1909f56bfc062723c751e8b465ee728b)
Start importing Assets/Standard Assets/Environment/TerrainAssets/SurfaceTextures using Guid(4f9d71771b07cb6438e0d35b038b43a7) Importer(815301076,1909f56bfc062723c751e8b465ee728b)  -> (artifact id: 'c9658dd3c13ec40bf724f0a4974a31c0') in 0.002108 seconds 
  Import took 0.009291 seconds .

========================================================================
Received Import Request.
  Time since last request: 0.051052 seconds.
  path: Assets/Standard Assets/Environment/TerrainAssets/SurfaceTextures/SandAlbedo.psd
  artifactKey: Guid(bfd675cc0db1d4656b75dc6d6ba91142) Importer(815301076,1909f56bfc062723c751e8b465ee728b)
Start importing Assets/Standard Assets/Environment/TerrainAssets/SurfaceTextures/SandAlbedo.psd using Guid(bfd675cc0db1d4656b75dc6d6ba91142) Importer(815301076,1909f56bfc062723c751e8b465ee728b)  -> (artifact id: 'f1807c46b7331a9656f73eda876c8987') in 0.332489 seconds 
  Import took 0.338761 seconds .

========================================================================
Received Prepare
Registering precompiled user dll's ...
Registered in 0.004538 seconds.
Begin MonoManager ReloadAssembly
Native extension for OSXStandalone target not found
Refreshing native plugins compatible for Editor in 0.78 ms, found 2 plugins.
Preloading 0 native plugins for Editor in 0.00 ms.
Mono: successfully reloaded assembly
- Completed reload, in  1.830 seconds
Domain Reload Profiling:
	ReloadAssembly (1831ms)
		BeginReloadAssembly (221ms)
			ExecutionOrderSort (0ms)
			DisableScriptedObjects (8ms)
			BackupInstance (0ms)
			ReleaseScriptingObjects (0ms)
			CreateAndSetChildDomain (91ms)
		EndReloadAssembly (1515ms)
			LoadAssemblies (142ms)
			RebuildTransferFunctionScriptingTraits (0ms)
			SetupTypeCache (670ms)
			ReleaseScriptCaches (1ms)
			RebuildScriptCaches (72ms)
			SetupLoadedEditorAssemblies (444ms)
				LogAssemblyErrors (0ms)
				InitializePlatformSupportModulesInManaged (5ms)
				SetLoadedEditorAssemblies (1ms)
				RefreshPlugins (1ms)
				BeforeProcessingInitializeOnLoad (69ms)
				ProcessInitializeOnLoadAttributes (362ms)
				ProcessInitializeOnLoadMethodAttributes (5ms)
				AfterProcessingInitializeOnLoad (1ms)
				EditorAssembliesLoaded (0ms)
			ExecutionOrderSort2 (0ms)
			AwakeInstancesAfterBackupRestoration (19ms)
Platform modules already initialized, skipping
Shader 'Universal Render Pipeline/Particles/Lit': fallback shader 'Universal Render Pipeline/Particles/SimpleLit' not found
Shader 'Universal Render Pipeline/Particles/Lit': fallback shader 'Universal Render Pipeline/Particles/SimpleLit' not found
Refreshing native plugins compatible for Editor in 0.59 ms, found 2 plugins.
Preloading 0 native plugins for Editor in 0.00 ms.
Unloading 2739 Unused Serialized files (Serialized files now loaded: 0)
System memory in use before: 263.4 MB.
System memory in use after: 260.5 MB.

Unloading 50 unused Assets to reduce memory usage. Loaded Objects now: 3354.
Total: 4.765692 ms (FindLiveObjects: 0.298284 ms CreateObjectMapping: 0.123931 ms MarkObjects: 2.402056 ms  DeleteObjects: 1.940450 ms)

AssetImportParameters requested are different than current active one (requested -> active):
  custom:video-decoder-ogg-theora: a1e56fd34408186e4bbccfd4996cb3dc -> 
  custom:container-muxer-webm: aa71ff27fc2769a1b78a27578f13a17b -> 
  custom:container-demuxer-webm: 4f35f7cbe854078d1ac9338744f61a02 -> 
  custom:container-demuxer-ogg: 62fdf1f143b41e24485cea50d1cbac27 -> 
  custom:video-encoder-webm-vp8: eb34c28f22e8b96e1ab97ce403110664 -> 
  custom:framework-osx-AVFoundation: b23960f63f64bdc6ff669e2cdcee2391 -> 
  custom:video-decoder-webm-vp8: 9c59270c3fd7afecdb556c50c9e8de78 -> 
  custom:audio-decoder-ogg-vorbis: bf7c407c2cedff20999df2af8eb42d56 -> 
  custom:audio-encoder-webm-vorbis: bf7c407c2cedff20999df2af8eb42d56 -> 
